<?xml version="1.0" encoding="UTF-8"?>
<!-- Generated by org.testng.reporters.JUnitXMLReporter -->
<testsuite hostname="LAPTOP-5VVGD02R" ignored="0" name="Test" tests="4" failures="1" timestamp="29 Nov 2018 21:17:03 GMT" time="0.029" errors="0">
  <testcase name="TestMethod_TestNGclass2" time="0.004" classname="TestNGClasses.TestNGclass2"/>
  <testcase name="TestMethod1" time="0.001" classname="TestNGClasses.testngbasics"/>
  <testcase name="TestMethod2" time="0.002" classname="TestNGClasses.testngbasics">
    <failure type="java.lang.AssertionError" message="null">
      <![CDATA[java.lang.AssertionError: nullat TestNGClasses.testngbasics.TestMethod2(testngbasics.java:30)... Removed 27 stack frames]]>
    </failure>
  </testcase> <!-- TestMethod2 -->
  <testcase name="TestMethod3" time="0.0" classname="TestNGClasses.testngbasics">
    <skipped/>
  </testcase> <!-- TestMethod3 -->
</testsuite> <!-- Test -->
